2026-05-03 09:05:10.830 -04:00 [INF] Start installing Hangfire SQL objects...
2026-05-03 09:05:10.963 -04:00 [INF] Hangfire SQL objects installed.
2026-05-03 09:05:12.878 -04:00 [WRN] The WebRootPath was not found: /Volumes/Files/Projects/HospitalAppServer/HospitalApp.WebAPI/wwwroot. Static files may be unavailable.
2026-05-03 09:05:12.980 -04:00 [INF] Starting Hangfire Server using job storage: 'PostgreSQL Server: Host: localhost, DB: lova_salud, Schema: hangfire'
2026-05-03 09:05:12.981 -04:00 [INF] Using the following options for PostgreSQL job storage:
2026-05-03 09:05:12.982 -04:00 [INF]     Queue poll interval: 00:00:15.
2026-05-03 09:05:12.982 -04:00 [INF]     Invisibility timeout: 00:30:00.
2026-05-03 09:05:12.983 -04:00 [INF]     Use sliding invisibility timeout: False.
2026-05-03 09:05:12.984 -04:00 [INF] Using the following options for Hangfire Server:
    Worker count: 20
    Listening queues: 'default'
    Shutdown timeout: 00:00:15
    Schedule polling interval: 00:00:15
2026-05-03 09:05:13.110 -04:00 [INF] Server macbookpro:18573:002e9ee2 successfully announced in 30.7981 ms
2026-05-03 09:05:13.118 -04:00 [INF] Server macbookpro:18573:002e9ee2 is starting the registered dispatchers: ServerWatchdog, ServerJobCancellationWatcher, ExpirationManager, CountersAggregator, Worker, DelayedJobScheduler, RecurringJobScheduler...
2026-05-03 09:05:13.203 -04:00 [INF] 1 servers were removed due to timeout
2026-05-03 09:05:13.355 -04:00 [INF] Server macbookpro:18573:002e9ee2 all the dispatchers started
2026-05-03 09:05:51.652 -04:00 [WRN] Failed to determine the https port for redirect.
2026-05-03 09:05:52.273 -04:00 [INF] HTTP GET /hangfire responded 401 in 623.1135 ms
2026-05-03 09:12:20.890 -04:00 [INF] Start installing Hangfire SQL objects...
2026-05-03 09:12:21.197 -04:00 [INF] Hangfire SQL objects installed.
2026-05-03 09:12:22.438 -04:00 [WRN] The WebRootPath was not found: /Volumes/Files/Projects/HospitalAppServer/HospitalApp.WebAPI/wwwroot. Static files may be unavailable.
2026-05-03 09:12:22.520 -04:00 [INF] Starting Hangfire Server using job storage: 'PostgreSQL Server: Host: localhost, DB: lova_salud, Schema: hangfire'
2026-05-03 09:12:22.520 -04:00 [INF] Using the following options for PostgreSQL job storage:
2026-05-03 09:12:22.521 -04:00 [INF]     Queue poll interval: 00:00:15.
2026-05-03 09:12:22.521 -04:00 [INF]     Invisibility timeout: 00:30:00.
2026-05-03 09:12:22.521 -04:00 [INF]     Use sliding invisibility timeout: False.
2026-05-03 09:12:22.522 -04:00 [INF] Using the following options for Hangfire Server:
    Worker count: 20
    Listening queues: 'default'
    Shutdown timeout: 00:00:15
    Schedule polling interval: 00:00:15
2026-05-03 09:12:22.605 -04:00 [INF] Server macbookpro:19062:f077d583 successfully announced in 17.4599 ms
2026-05-03 09:12:22.612 -04:00 [INF] Server macbookpro:19062:f077d583 is starting the registered dispatchers: ServerWatchdog, ServerJobCancellationWatcher, ExpirationManager, CountersAggregator, Worker, DelayedJobScheduler, RecurringJobScheduler...
2026-05-03 09:12:22.836 -04:00 [INF] Server macbookpro:19062:f077d583 all the dispatchers started
2026-05-03 09:12:43.258 -04:00 [WRN] Failed to determine the https port for redirect.
2026-05-03 09:12:43.771 -04:00 [INF] HTTP GET /hangfire responded 401 in 514.6189 ms
2026-05-03 09:13:20.008 -04:00 [INF] HTTP GET /hangfire responded 200 in 437.7326 ms
2026-05-03 09:13:20.062 -04:00 [INF] HTTP GET /hangfire/css-dark181801187632971 responded 200 in 7.0797 ms
2026-05-03 09:13:20.077 -04:00 [INF] HTTP GET /hangfire/css181802136429819 responded 200 in 23.8613 ms
2026-05-03 09:13:20.105 -04:00 [INF] HTTP GET /hangfire/js18180389189334 responded 200 in 50.0597 ms
2026-05-03 09:13:20.146 -04:00 [INF] HTTP GET /hangfire/fonts/glyphicons-halflings-regular/woff2 responded 200 in 5.0567 ms
2026-05-03 09:13:22.286 -04:00 [INF] HTTP POST /hangfire/stats responded 200 in 88.7084 ms
2026-05-03 09:13:24.301 -04:00 [INF] HTTP POST /hangfire/stats responded 200 in 7.3650 ms
2026-05-03 09:13:24.725 -04:00 [INF] HTTP GET /hangfire/recurring responded 200 in 297.0858 ms
2026-05-03 09:13:26.779 -04:00 [INF] HTTP POST /hangfire/stats responded 200 in 3.3304 ms
2026-05-03 09:13:28.787 -04:00 [INF] HTTP POST /hangfire/stats responded 200 in 4.5277 ms
2026-05-03 09:13:30.799 -04:00 [INF] HTTP POST /hangfire/stats responded 200 in 7.8982 ms
2026-05-03 09:13:32.806 -04:00 [INF] HTTP POST /hangfire/stats responded 200 in 3.5745 ms
2026-05-03 09:13:34.826 -04:00 [INF] HTTP POST /hangfire/stats responded 200 in 15.0055 ms
2026-05-03 09:13:36.842 -04:00 [INF] HTTP POST /hangfire/stats responded 200 in 11.0009 ms
2026-05-03 09:13:38.872 -04:00 [INF] HTTP POST /hangfire/stats responded 200 in 26.5777 ms
2026-05-03 09:13:40.883 -04:00 [INF] HTTP POST /hangfire/stats responded 200 in 6.5376 ms
2026-05-03 09:13:42.892 -04:00 [INF] HTTP POST /hangfire/stats responded 200 in 3.4624 ms
2026-05-03 09:13:44.906 -04:00 [INF] HTTP POST /hangfire/stats responded 200 in 10.0763 ms
2026-05-03 09:13:46.915 -04:00 [INF] HTTP POST /hangfire/stats responded 200 in 3.6592 ms
2026-05-03 09:13:48.925 -04:00 [INF] HTTP POST /hangfire/stats responded 200 in 7.2377 ms
2026-05-03 09:13:50.931 -04:00 [INF] HTTP POST /hangfire/stats responded 200 in 2.5262 ms
2026-05-03 09:13:52.938 -04:00 [INF] HTTP POST /hangfire/stats responded 200 in 2.9385 ms
2026-05-03 09:13:54.945 -04:00 [INF] HTTP POST /hangfire/stats responded 200 in 2.9719 ms
2026-05-03 09:13:56.954 -04:00 [INF] HTTP POST /hangfire/stats responded 200 in 3.6464 ms
2026-05-03 09:13:58.961 -04:00 [INF] HTTP POST /hangfire/stats responded 200 in 3.1429 ms
2026-05-03 09:14:00.966 -04:00 [INF] HTTP POST /hangfire/stats responded 200 in 2.8785 ms
2026-05-03 09:14:02.973 -04:00 [INF] HTTP POST /hangfire/stats responded 200 in 2.6137 ms
2026-05-03 09:14:04.979 -04:00 [INF] HTTP POST /hangfire/stats responded 200 in 2.4960 ms
2026-05-03 09:14:06.988 -04:00 [INF] HTTP POST /hangfire/stats responded 200 in 4.2804 ms
2026-05-03 09:14:08.995 -04:00 [INF] HTTP POST /hangfire/stats responded 200 in 3.1656 ms
2026-05-03 09:14:11.003 -04:00 [INF] HTTP POST /hangfire/stats responded 200 in 3.7092 ms
2026-05-03 09:14:13.009 -04:00 [INF] HTTP POST /hangfire/stats responded 200 in 3.1005 ms
2026-05-03 09:14:15.015 -04:00 [INF] HTTP POST /hangfire/stats responded 200 in 2.6664 ms
2026-05-03 09:14:17.023 -04:00 [INF] HTTP POST /hangfire/stats responded 200 in 3.9252 ms
2026-05-03 09:14:19.030 -04:00 [INF] HTTP POST /hangfire/stats responded 200 in 3.2992 ms
2026-05-03 09:14:21.038 -04:00 [INF] HTTP POST /hangfire/stats responded 200 in 4.1229 ms
2026-05-03 09:14:23.043 -04:00 [INF] HTTP POST /hangfire/stats responded 200 in 2.8029 ms
2026-05-03 09:14:25.062 -04:00 [INF] HTTP POST /hangfire/stats responded 200 in 2.9861 ms
2026-05-03 09:14:27.068 -04:00 [INF] HTTP POST /hangfire/stats responded 200 in 2.5326 ms
2026-05-03 09:14:29.075 -04:00 [INF] HTTP POST /hangfire/stats responded 200 in 3.3627 ms
2026-05-03 09:14:31.082 -04:00 [INF] HTTP POST /hangfire/stats responded 200 in 2.8637 ms
2026-05-03 09:14:33.102 -04:00 [INF] HTTP POST /hangfire/stats responded 200 in 15.2961 ms
2026-05-03 09:14:35.145 -04:00 [INF] HTTP POST /hangfire/stats responded 200 in 39.3031 ms
2026-05-03 09:14:37.192 -04:00 [INF] HTTP POST /hangfire/stats responded 200 in 42.4657 ms
2026-05-03 09:14:39.270 -04:00 [INF] HTTP POST /hangfire/stats responded 200 in 74.6164 ms
2026-05-03 09:14:41.289 -04:00 [INF] HTTP POST /hangfire/stats responded 200 in 14.6454 ms
2026-05-03 09:14:43.342 -04:00 [INF] HTTP POST /hangfire/stats responded 200 in 46.8924 ms
2026-05-03 09:14:45.350 -04:00 [INF] HTTP POST /hangfire/stats responded 200 in 3.8537 ms
2026-05-03 09:14:47.415 -04:00 [INF] HTTP POST /hangfire/stats responded 200 in 61.5426 ms
2026-05-03 09:14:49.460 -04:00 [INF] HTTP POST /hangfire/stats responded 200 in 41.3536 ms
2026-05-03 09:14:51.507 -04:00 [INF] HTTP POST /hangfire/stats responded 200 in 7.4984 ms
2026-05-03 09:14:53.577 -04:00 [INF] HTTP POST /hangfire/stats responded 200 in 65.9352 ms
2026-05-03 09:14:55.604 -04:00 [INF] HTTP POST /hangfire/stats responded 200 in 23.2870 ms
2026-05-03 09:14:57.655 -04:00 [INF] HTTP POST /hangfire/stats responded 200 in 46.4996 ms
2026-05-03 09:14:59.705 -04:00 [INF] HTTP POST /hangfire/stats responded 200 in 47.0665 ms
2026-05-03 09:15:01.733 -04:00 [INF] HTTP POST /hangfire/stats responded 200 in 24.6994 ms
2026-05-03 09:15:03.800 -04:00 [INF] HTTP POST /hangfire/stats responded 200 in 62.2161 ms
2026-05-03 09:15:05.840 -04:00 [INF] HTTP POST /hangfire/stats responded 200 in 36.7490 ms
2026-05-03 09:15:07.872 -04:00 [INF] HTTP POST /hangfire/stats responded 200 in 28.0287 ms
2026-05-03 09:15:09.931 -04:00 [INF] HTTP POST /hangfire/stats responded 200 in 19.4678 ms
2026-05-03 09:15:11.977 -04:00 [INF] HTTP POST /hangfire/stats responded 200 in 37.4671 ms
2026-05-03 09:15:14.019 -04:00 [INF] HTTP POST /hangfire/stats responded 200 in 4.3279 ms
2026-05-03 09:15:16.078 -04:00 [INF] HTTP POST /hangfire/stats responded 200 in 55.7340 ms
2026-05-03 09:15:18.130 -04:00 [INF] HTTP POST /hangfire/stats responded 200 in 48.7022 ms
2026-05-03 09:15:20.168 -04:00 [INF] HTTP POST /hangfire/stats responded 200 in 32.7289 ms
2026-05-03 09:15:22.221 -04:00 [INF] HTTP POST /hangfire/stats responded 200 in 45.7750 ms
2026-05-03 09:15:24.258 -04:00 [INF] HTTP POST /hangfire/stats responded 200 in 7.0075 ms
2026-05-03 09:15:26.312 -04:00 [INF] HTTP POST /hangfire/stats responded 200 in 50.5475 ms
2026-05-03 09:15:28.365 -04:00 [INF] HTTP POST /hangfire/stats responded 200 in 49.7996 ms
2026-05-03 09:15:30.448 -04:00 [INF] HTTP POST /hangfire/stats responded 200 in 77.3909 ms
2026-05-03 09:15:32.455 -04:00 [INF] HTTP POST /hangfire/stats responded 200 in 2.7195 ms
2026-05-03 09:15:34.495 -04:00 [INF] HTTP POST /hangfire/stats responded 200 in 12.3311 ms
2026-05-03 09:15:36.511 -04:00 [INF] HTTP POST /hangfire/stats responded 200 in 11.8221 ms
2026-05-03 09:15:38.564 -04:00 [INF] HTTP POST /hangfire/stats responded 200 in 49.5414 ms
2026-05-03 09:15:40.612 -04:00 [INF] HTTP POST /hangfire/stats responded 200 in 41.7179 ms
2026-05-03 09:15:42.683 -04:00 [INF] HTTP POST /hangfire/stats responded 200 in 2.9275 ms
2026-05-03 09:15:44.729 -04:00 [INF] HTTP POST /hangfire/stats responded 200 in 42.1616 ms
2026-05-03 09:15:46.775 -04:00 [INF] HTTP POST /hangfire/stats responded 200 in 40.6970 ms
2026-05-03 09:15:48.831 -04:00 [INF] HTTP POST /hangfire/stats responded 200 in 51.1377 ms
2026-05-03 09:15:50.845 -04:00 [INF] HTTP POST /hangfire/stats responded 200 in 11.5166 ms
2026-05-03 09:15:52.866 -04:00 [INF] HTTP POST /hangfire/stats responded 200 in 5.6768 ms
2026-05-03 09:15:54.874 -04:00 [INF] HTTP POST /hangfire/stats responded 200 in 3.8839 ms
2026-05-03 09:15:56.884 -04:00 [INF] HTTP POST /hangfire/stats responded 200 in 5.8192 ms
2026-05-03 09:15:58.911 -04:00 [INF] HTTP POST /hangfire/stats responded 200 in 2.9363 ms
2026-05-03 09:16:00.924 -04:00 [INF] HTTP POST /hangfire/stats responded 200 in 8.6315 ms
2026-05-03 09:16:02.934 -04:00 [INF] HTTP POST /hangfire/stats responded 200 in 6.3069 ms
2026-05-03 09:16:04.945 -04:00 [INF] HTTP POST /hangfire/stats responded 200 in 5.7544 ms
2026-05-03 09:16:06.952 -04:00 [INF] HTTP POST /hangfire/stats responded 200 in 2.8103 ms
2026-05-03 09:16:08.959 -04:00 [INF] HTTP POST /hangfire/stats responded 200 in 2.6989 ms
2026-05-03 09:16:10.965 -04:00 [INF] HTTP POST /hangfire/stats responded 200 in 2.6156 ms
2026-05-03 09:16:12.972 -04:00 [INF] HTTP POST /hangfire/stats responded 200 in 2.8385 ms
2026-05-03 09:16:14.980 -04:00 [INF] HTTP POST /hangfire/stats responded 200 in 3.6858 ms
2026-05-03 09:16:16.988 -04:00 [INF] HTTP POST /hangfire/stats responded 200 in 3.8290 ms
2026-05-03 09:16:19.032 -04:00 [INF] HTTP POST /hangfire/stats responded 200 in 2.9273 ms
2026-05-03 09:16:21.039 -04:00 [INF] HTTP POST /hangfire/stats responded 200 in 2.9071 ms
2026-05-03 09:16:23.045 -04:00 [INF] HTTP POST /hangfire/stats responded 200 in 2.5280 ms
2026-05-03 09:16:25.051 -04:00 [INF] HTTP POST /hangfire/stats responded 200 in 3.0960 ms
2026-05-03 09:16:27.060 -04:00 [INF] HTTP POST /hangfire/stats responded 200 in 4.2953 ms
2026-05-03 09:16:29.069 -04:00 [INF] HTTP POST /hangfire/stats responded 200 in 5.7369 ms
2026-05-03 09:16:31.075 -04:00 [INF] HTTP POST /hangfire/stats responded 200 in 2.7059 ms
2026-05-03 09:16:33.096 -04:00 [INF] HTTP POST /hangfire/stats responded 200 in 2.8008 ms
2026-05-03 09:16:35.102 -04:00 [INF] HTTP POST /hangfire/stats responded 200 in 2.7251 ms
2026-05-03 09:16:37.109 -04:00 [INF] HTTP POST /hangfire/stats responded 200 in 2.6567 ms
2026-05-03 09:16:39.115 -04:00 [INF] HTTP POST /hangfire/stats responded 200 in 3.4848 ms
2026-05-03 09:16:41.052 -04:00 [INF] HTTP POST /hangfire/stats responded 200 in 2.7279 ms
2026-05-03 09:16:43.058 -04:00 [INF] HTTP POST /hangfire/stats responded 200 in 2.7875 ms
2026-05-03 09:16:45.064 -04:00 [INF] HTTP POST /hangfire/stats responded 200 in 2.8851 ms
2026-05-03 09:16:47.073 -04:00 [INF] HTTP POST /hangfire/stats responded 200 in 5.1826 ms
2026-05-03 09:16:49.119 -04:00 [INF] HTTP POST /hangfire/stats responded 200 in 40.7483 ms
2026-05-03 09:16:51.131 -04:00 [INF] HTTP POST /hangfire/stats responded 200 in 8.1119 ms
2026-05-03 09:16:53.140 -04:00 [INF] HTTP POST /hangfire/stats responded 200 in 4.8435 ms
2026-05-03 09:16:55.146 -04:00 [INF] HTTP POST /hangfire/stats responded 200 in 2.9798 ms
2026-05-03 09:16:57.153 -04:00 [INF] HTTP POST /hangfire/stats responded 200 in 2.9520 ms
2026-05-03 09:16:59.161 -04:00 [INF] HTTP POST /hangfire/stats responded 200 in 4.0185 ms
2026-05-03 09:17:01.167 -04:00 [INF] HTTP POST /hangfire/stats responded 200 in 2.7774 ms
2026-05-03 09:17:03.175 -04:00 [INF] HTTP POST /hangfire/stats responded 200 in 2.6397 ms
2026-05-03 09:17:05.181 -04:00 [INF] HTTP POST /hangfire/stats responded 200 in 2.6327 ms
2026-05-03 09:17:07.187 -04:00 [INF] HTTP POST /hangfire/stats responded 200 in 2.8965 ms
2026-05-03 09:17:09.193 -04:00 [INF] HTTP POST /hangfire/stats responded 200 in 2.8393 ms
2026-05-03 09:17:11.236 -04:00 [INF] HTTP POST /hangfire/stats responded 200 in 3.1828 ms
2026-05-03 09:17:13.243 -04:00 [INF] HTTP POST /hangfire/stats responded 200 in 3.5603 ms
2026-05-03 09:17:15.250 -04:00 [INF] HTTP POST /hangfire/stats responded 200 in 3.0738 ms
2026-05-03 09:17:17.257 -04:00 [INF] HTTP POST /hangfire/stats responded 200 in 2.8783 ms
2026-05-03 09:17:19.267 -04:00 [INF] HTTP POST /hangfire/stats responded 200 in 6.4012 ms
2026-05-03 09:17:21.292 -04:00 [INF] HTTP POST /hangfire/stats responded 200 in 22.3869 ms
2026-05-03 09:17:22.650 -04:00 [INF] 1 servers were removed due to timeout
2026-05-03 09:17:23.301 -04:00 [INF] HTTP POST /hangfire/stats responded 200 in 4.5442 ms
2026-05-03 09:17:25.311 -04:00 [INF] HTTP POST /hangfire/stats responded 200 in 6.4363 ms
2026-05-03 09:17:27.321 -04:00 [INF] HTTP POST /hangfire/stats responded 200 in 5.1642 ms
2026-05-03 09:17:29.327 -04:00 [INF] HTTP POST /hangfire/stats responded 200 in 3.1776 ms
2026-05-03 09:17:31.335 -04:00 [INF] HTTP POST /hangfire/stats responded 200 in 4.7338 ms
2026-05-03 09:17:33.343 -04:00 [INF] HTTP POST /hangfire/stats responded 200 in 4.1008 ms
2026-05-03 09:17:35.351 -04:00 [INF] HTTP POST /hangfire/stats responded 200 in 4.5506 ms
2026-05-03 09:17:37.359 -04:00 [INF] HTTP POST /hangfire/stats responded 200 in 3.0440 ms
2026-05-03 09:17:39.367 -04:00 [INF] HTTP POST /hangfire/stats responded 200 in 3.6288 ms
2026-05-03 09:17:41.373 -04:00 [INF] HTTP POST /hangfire/stats responded 200 in 2.7259 ms
2026-05-03 09:17:43.380 -04:00 [INF] HTTP POST /hangfire/stats responded 200 in 5.0443 ms
2026-05-03 09:17:45.424 -04:00 [INF] HTTP POST /hangfire/stats responded 200 in 4.9841 ms
2026-05-03 09:17:47.451 -04:00 [INF] HTTP POST /hangfire/stats responded 200 in 22.6709 ms
2026-05-03 09:17:49.561 -04:00 [INF] HTTP POST /hangfire/stats responded 200 in 101.8459 ms
2026-05-03 09:17:51.639 -04:00 [INF] HTTP POST /hangfire/stats responded 200 in 59.7423 ms
2026-05-03 09:17:53.669 -04:00 [INF] HTTP POST /hangfire/stats responded 200 in 21.1642 ms
2026-05-03 09:17:55.677 -04:00 [INF] HTTP POST /hangfire/stats responded 200 in 3.1394 ms
2026-05-03 09:17:57.684 -04:00 [INF] HTTP POST /hangfire/stats responded 200 in 3.0812 ms
2026-05-03 09:17:59.751 -04:00 [INF] HTTP POST /hangfire/stats responded 200 in 63.7323 ms
2026-05-03 09:18:01.781 -04:00 [INF] HTTP POST /hangfire/stats responded 200 in 18.8963 ms
2026-05-03 09:18:03.851 -04:00 [INF] HTTP POST /hangfire/stats responded 200 in 67.2788 ms
2026-05-03 09:18:05.857 -04:00 [INF] HTTP POST /hangfire/stats responded 200 in 2.8228 ms
2026-05-03 09:18:07.865 -04:00 [INF] HTTP POST /hangfire/stats responded 200 in 4.3772 ms
2026-05-03 09:18:09.902 -04:00 [INF] HTTP POST /hangfire/stats responded 200 in 33.8803 ms
2026-05-03 09:18:11.964 -04:00 [INF] HTTP POST /hangfire/stats responded 200 in 58.4540 ms
2026-05-03 09:18:14.015 -04:00 [INF] HTTP POST /hangfire/stats responded 200 in 47.3185 ms
2026-05-03 09:18:16.023 -04:00 [INF] HTTP POST /hangfire/stats responded 200 in 4.1344 ms
2026-05-03 09:18:18.039 -04:00 [INF] HTTP POST /hangfire/stats responded 200 in 12.5822 ms
2026-05-03 09:18:20.197 -04:00 [INF] HTTP POST /hangfire/stats responded 200 in 153.1641 ms
2026-05-03 09:18:22.204 -04:00 [INF] HTTP POST /hangfire/stats responded 200 in 2.9533 ms
2026-05-03 09:18:24.315 -04:00 [INF] HTTP POST /hangfire/stats responded 200 in 107.4159 ms
2026-05-03 09:18:26.447 -04:00 [INF] HTTP POST /hangfire/stats responded 200 in 109.9229 ms
2026-05-03 09:18:28.464 -04:00 [INF] HTTP POST /hangfire/stats responded 200 in 12.1714 ms
2026-05-03 09:18:30.481 -04:00 [INF] HTTP POST /hangfire/stats responded 200 in 5.1088 ms
2026-05-03 09:18:32.502 -04:00 [INF] HTTP POST /hangfire/stats responded 200 in 16.0926 ms
2026-05-03 09:18:34.509 -04:00 [INF] HTTP POST /hangfire/stats responded 200 in 3.2852 ms
2026-05-03 09:18:36.515 -04:00 [INF] HTTP POST /hangfire/stats responded 200 in 3.3578 ms
2026-05-03 09:18:38.626 -04:00 [INF] HTTP POST /hangfire/stats responded 200 in 106.4667 ms
2026-05-03 09:18:40.632 -04:00 [INF] HTTP POST /hangfire/stats responded 200 in 2.5671 ms
2026-05-03 09:18:42.637 -04:00 [INF] HTTP POST /hangfire/stats responded 200 in 2.8677 ms
2026-05-03 09:18:44.648 -04:00 [INF] HTTP POST /hangfire/stats responded 200 in 8.4138 ms
2026-05-03 09:18:46.674 -04:00 [INF] HTTP POST /hangfire/stats responded 200 in 21.7302 ms
2026-05-03 09:18:48.759 -04:00 [INF] HTTP POST /hangfire/stats responded 200 in 67.6089 ms
2026-05-03 09:18:50.794 -04:00 [INF] HTTP POST /hangfire/stats responded 200 in 31.6649 ms
2026-05-03 09:18:52.824 -04:00 [INF] HTTP POST /hangfire/stats responded 200 in 25.6559 ms
2026-05-03 09:18:54.885 -04:00 [INF] HTTP POST /hangfire/stats responded 200 in 57.2432 ms
2026-05-03 09:18:56.912 -04:00 [INF] HTTP POST /hangfire/stats responded 200 in 22.4825 ms
2026-05-03 09:18:58.962 -04:00 [INF] HTTP POST /hangfire/stats responded 200 in 46.4160 ms
2026-05-03 09:19:00.978 -04:00 [INF] HTTP POST /hangfire/stats responded 200 in 10.8569 ms
2026-05-03 09:19:03.041 -04:00 [INF] HTTP POST /hangfire/stats responded 200 in 58.7118 ms
2026-05-03 09:19:05.092 -04:00 [INF] HTTP POST /hangfire/stats responded 200 in 47.3901 ms
2026-05-03 09:19:07.144 -04:00 [INF] HTTP POST /hangfire/stats responded 200 in 5.9709 ms
2026-05-03 09:19:09.190 -04:00 [INF] HTTP POST /hangfire/stats responded 200 in 41.7787 ms
2026-05-03 09:19:11.230 -04:00 [INF] HTTP POST /hangfire/stats responded 200 in 35.7787 ms
2026-05-03 09:19:13.275 -04:00 [INF] HTTP POST /hangfire/stats responded 200 in 42.6740 ms
2026-05-03 09:19:15.322 -04:00 [INF] HTTP POST /hangfire/stats responded 200 in 42.2319 ms
2026-05-03 09:19:17.330 -04:00 [INF] HTTP POST /hangfire/stats responded 200 in 3.9785 ms
2026-05-03 09:19:19.344 -04:00 [INF] HTTP POST /hangfire/stats responded 200 in 10.8174 ms
2026-05-03 09:19:21.352 -04:00 [INF] HTTP POST /hangfire/stats responded 200 in 4.2183 ms
2026-05-03 09:19:23.360 -04:00 [INF] HTTP POST /hangfire/stats responded 200 in 4.6378 ms
2026-05-03 09:19:25.369 -04:00 [INF] HTTP POST /hangfire/stats responded 200 in 4.5315 ms
2026-05-03 09:19:27.376 -04:00 [INF] HTTP POST /hangfire/stats responded 200 in 3.1059 ms
2026-05-03 09:19:29.382 -04:00 [INF] HTTP POST /hangfire/stats responded 200 in 2.8231 ms
2026-05-03 09:19:31.389 -04:00 [INF] HTTP POST /hangfire/stats responded 200 in 3.1294 ms
2026-05-03 09:19:33.396 -04:00 [INF] HTTP POST /hangfire/stats responded 200 in 2.6899 ms
2026-05-03 09:19:35.435 -04:00 [INF] HTTP POST /hangfire/stats responded 200 in 3.1868 ms
2026-05-03 09:19:37.441 -04:00 [INF] HTTP POST /hangfire/stats responded 200 in 3.5049 ms
2026-05-03 09:19:39.449 -04:00 [INF] HTTP POST /hangfire/stats responded 200 in 2.7397 ms
2026-05-03 09:19:41.456 -04:00 [INF] HTTP POST /hangfire/stats responded 200 in 3.6246 ms
2026-05-03 09:19:43.462 -04:00 [INF] HTTP POST /hangfire/stats responded 200 in 2.3594 ms
2026-05-03 09:19:45.469 -04:00 [INF] HTTP POST /hangfire/stats responded 200 in 2.7418 ms
2026-05-03 09:19:47.475 -04:00 [INF] HTTP POST /hangfire/stats responded 200 in 2.5929 ms
2026-05-03 09:19:49.482 -04:00 [INF] HTTP POST /hangfire/stats responded 200 in 2.4901 ms
2026-05-03 09:19:51.497 -04:00 [INF] HTTP POST /hangfire/stats responded 200 in 9.9293 ms
2026-05-03 09:19:53.504 -04:00 [INF] HTTP POST /hangfire/stats responded 200 in 2.8973 ms
2026-05-03 09:19:55.509 -04:00 [INF] HTTP POST /hangfire/stats responded 200 in 2.6025 ms
2026-05-03 09:19:57.516 -04:00 [INF] HTTP POST /hangfire/stats responded 200 in 3.1001 ms
2026-05-03 09:19:59.523 -04:00 [INF] HTTP POST /hangfire/stats responded 200 in 2.9466 ms
2026-05-03 09:20:01.536 -04:00 [INF] HTTP POST /hangfire/stats responded 200 in 9.7569 ms
2026-05-03 09:20:03.542 -04:00 [INF] HTTP POST /hangfire/stats responded 200 in 2.3233 ms
2026-05-03 09:20:05.548 -04:00 [INF] HTTP POST /hangfire/stats responded 200 in 2.8498 ms
2026-05-03 09:20:07.620 -04:00 [INF] HTTP POST /hangfire/stats responded 200 in 68.9246 ms
2026-05-03 09:20:09.646 -04:00 [INF] HTTP POST /hangfire/stats responded 200 in 14.1015 ms
2026-05-03 09:20:11.705 -04:00 [INF] HTTP POST /hangfire/stats responded 200 in 54.8450 ms
2026-05-03 09:20:13.719 -04:00 [INF] HTTP POST /hangfire/stats responded 200 in 10.5485 ms
2026-05-03 09:20:15.726 -04:00 [INF] HTTP POST /hangfire/stats responded 200 in 2.8910 ms
2026-05-03 09:20:17.737 -04:00 [INF] HTTP POST /hangfire/stats responded 200 in 6.6341 ms
2026-05-03 09:20:19.786 -04:00 [INF] HTTP POST /hangfire/stats responded 200 in 45.7034 ms
2026-05-03 09:20:21.822 -04:00 [INF] HTTP POST /hangfire/stats responded 200 in 32.6845 ms
2026-05-03 09:20:23.866 -04:00 [INF] HTTP POST /hangfire/stats responded 200 in 40.3912 ms
2026-05-03 09:20:25.915 -04:00 [INF] HTTP POST /hangfire/stats responded 200 in 45.4597 ms
2026-05-03 09:20:27.923 -04:00 [INF] HTTP POST /hangfire/stats responded 200 in 4.2366 ms
2026-05-03 09:20:29.930 -04:00 [INF] HTTP POST /hangfire/stats responded 200 in 3.4653 ms
2026-05-03 09:20:31.938 -04:00 [INF] HTTP POST /hangfire/stats responded 200 in 4.5201 ms
2026-05-03 09:20:33.949 -04:00 [INF] HTTP POST /hangfire/stats responded 200 in 2.8976 ms
2026-05-03 09:20:35.959 -04:00 [INF] HTTP POST /hangfire/stats responded 200 in 5.1613 ms
2026-05-03 09:20:37.964 -04:00 [INF] HTTP POST /hangfire/stats responded 200 in 3.0092 ms
2026-05-03 09:20:39.970 -04:00 [INF] HTTP POST /hangfire/stats responded 200 in 2.5816 ms
2026-05-03 09:20:41.977 -04:00 [INF] HTTP POST /hangfire/stats responded 200 in 2.6268 ms
2026-05-03 09:20:43.983 -04:00 [INF] HTTP POST /hangfire/stats responded 200 in 2.3749 ms
2026-05-03 09:20:45.990 -04:00 [INF] HTTP POST /hangfire/stats responded 200 in 2.5730 ms
2026-05-03 09:20:47.996 -04:00 [INF] HTTP POST /hangfire/stats responded 200 in 2.5393 ms
2026-05-03 09:20:50.003 -04:00 [INF] HTTP POST /hangfire/stats responded 200 in 3.2217 ms
2026-05-03 09:20:52.009 -04:00 [INF] HTTP POST /hangfire/stats responded 200 in 2.7865 ms
2026-05-03 09:20:54.015 -04:00 [INF] HTTP POST /hangfire/stats responded 200 in 2.3876 ms
2026-05-03 09:20:56.021 -04:00 [INF] HTTP POST /hangfire/stats responded 200 in 2.6796 ms
2026-05-03 09:20:58.027 -04:00 [INF] HTTP POST /hangfire/stats responded 200 in 2.4220 ms
2026-05-03 09:21:00.033 -04:00 [INF] HTTP POST /hangfire/stats responded 200 in 2.4484 ms
2026-05-03 09:21:02.041 -04:00 [INF] HTTP POST /hangfire/stats responded 200 in 2.4942 ms
2026-05-03 09:21:04.047 -04:00 [INF] HTTP POST /hangfire/stats responded 200 in 2.8792 ms
2026-05-03 09:21:06.053 -04:00 [INF] HTTP POST /hangfire/stats responded 200 in 2.6606 ms
2026-05-03 09:21:08.060 -04:00 [INF] HTTP POST /hangfire/stats responded 200 in 2.6403 ms
2026-05-03 09:21:10.066 -04:00 [INF] HTTP POST /hangfire/stats responded 200 in 2.2294 ms
2026-05-03 09:21:12.072 -04:00 [INF] HTTP POST /hangfire/stats responded 200 in 2.7957 ms
2026-05-03 09:21:14.077 -04:00 [INF] HTTP POST /hangfire/stats responded 200 in 2.4677 ms
2026-05-03 09:21:16.083 -04:00 [INF] HTTP POST /hangfire/stats responded 200 in 2.8284 ms
2026-05-03 09:21:18.092 -04:00 [INF] HTTP POST /hangfire/stats responded 200 in 5.4179 ms
2026-05-03 09:21:20.117 -04:00 [INF] HTTP POST /hangfire/stats responded 200 in 20.4534 ms
2026-05-03 09:21:22.170 -04:00 [INF] HTTP POST /hangfire/stats responded 200 in 49.1701 ms
2026-05-03 09:21:24.209 -04:00 [INF] HTTP POST /hangfire/stats responded 200 in 35.6038 ms
2026-05-03 09:21:26.259 -04:00 [INF] HTTP POST /hangfire/stats responded 200 in 45.2082 ms
2026-05-03 09:21:28.332 -04:00 [INF] HTTP POST /hangfire/stats responded 200 in 70.3472 ms
2026-05-03 09:21:30.348 -04:00 [INF] HTTP POST /hangfire/stats responded 200 in 11.8946 ms
2026-05-03 09:21:32.392 -04:00 [INF] HTTP POST /hangfire/stats responded 200 in 40.3839 ms
2026-05-03 09:21:34.438 -04:00 [INF] HTTP POST /hangfire/stats responded 200 in 42.9252 ms
2026-05-03 09:21:36.486 -04:00 [INF] HTTP POST /hangfire/stats responded 200 in 44.4227 ms
2026-05-03 09:21:38.532 -04:00 [INF] HTTP POST /hangfire/stats responded 200 in 42.6475 ms
2026-05-03 09:21:40.575 -04:00 [INF] HTTP POST /hangfire/stats responded 200 in 38.8227 ms
2026-05-03 09:21:42.622 -04:00 [INF] HTTP POST /hangfire/stats responded 200 in 42.1073 ms
2026-05-03 09:21:44.634 -04:00 [INF] HTTP POST /hangfire/stats responded 200 in 8.9884 ms
2026-05-03 09:21:46.641 -04:00 [INF] HTTP POST /hangfire/stats responded 200 in 3.7225 ms
2026-05-03 09:21:48.649 -04:00 [INF] HTTP POST /hangfire/stats responded 200 in 4.1932 ms
2026-05-03 09:21:50.658 -04:00 [INF] HTTP POST /hangfire/stats responded 200 in 4.5961 ms
2026-05-03 09:21:52.664 -04:00 [INF] HTTP POST /hangfire/stats responded 200 in 2.4041 ms
2026-05-03 09:21:54.670 -04:00 [INF] HTTP POST /hangfire/stats responded 200 in 2.2362 ms
2026-05-03 09:21:56.677 -04:00 [INF] HTTP POST /hangfire/stats responded 200 in 2.5548 ms
2026-05-03 09:21:58.682 -04:00 [INF] HTTP POST /hangfire/stats responded 200 in 2.5115 ms
2026-05-03 09:22:00.688 -04:00 [INF] HTTP POST /hangfire/stats responded 200 in 2.9794 ms
2026-05-03 09:22:02.694 -04:00 [INF] HTTP POST /hangfire/stats responded 200 in 2.6290 ms
2026-05-03 09:22:04.700 -04:00 [INF] HTTP POST /hangfire/stats responded 200 in 2.5463 ms
2026-05-03 09:22:06.706 -04:00 [INF] HTTP POST /hangfire/stats responded 200 in 2.7657 ms
2026-05-03 09:22:08.713 -04:00 [INF] HTTP POST /hangfire/stats responded 200 in 3.1220 ms
2026-05-03 09:22:10.720 -04:00 [INF] HTTP POST /hangfire/stats responded 200 in 2.5495 ms
2026-05-03 09:22:12.726 -04:00 [INF] HTTP POST /hangfire/stats responded 200 in 2.5493 ms
2026-05-03 09:22:14.733 -04:00 [INF] HTTP POST /hangfire/stats responded 200 in 2.4033 ms
2026-05-03 09:22:16.740 -04:00 [INF] HTTP POST /hangfire/stats responded 200 in 2.4815 ms
2026-05-03 09:22:18.749 -04:00 [INF] HTTP POST /hangfire/stats responded 200 in 2.7608 ms
2026-05-03 09:22:20.756 -04:00 [INF] HTTP POST /hangfire/stats responded 200 in 2.6855 ms
2026-05-03 09:22:22.769 -04:00 [INF] HTTP POST /hangfire/stats responded 200 in 8.8967 ms
2026-05-03 09:22:24.779 -04:00 [INF] HTTP POST /hangfire/stats responded 200 in 5.9088 ms
2026-05-03 09:22:26.789 -04:00 [INF] HTTP POST /hangfire/stats responded 200 in 5.2921 ms
2026-05-03 09:22:28.798 -04:00 [INF] HTTP POST /hangfire/stats responded 200 in 4.6263 ms
2026-05-03 09:22:30.805 -04:00 [INF] HTTP POST /hangfire/stats responded 200 in 4.4668 ms
2026-05-03 09:22:32.815 -04:00 [INF] HTTP POST /hangfire/stats responded 200 in 4.5107 ms
2026-05-03 09:22:34.823 -04:00 [INF] HTTP POST /hangfire/stats responded 200 in 4.3223 ms
2026-05-03 09:22:36.843 -04:00 [INF] HTTP POST /hangfire/stats responded 200 in 15.9627 ms
2026-05-03 09:22:38.888 -04:00 [INF] HTTP POST /hangfire/stats responded 200 in 40.1083 ms
2026-05-03 09:22:40.937 -04:00 [INF] HTTP POST /hangfire/stats responded 200 in 44.8445 ms
2026-05-03 09:22:42.981 -04:00 [INF] HTTP POST /hangfire/stats responded 200 in 38.2407 ms
2026-05-03 09:22:45.036 -04:00 [INF] HTTP POST /hangfire/stats responded 200 in 50.5506 ms
2026-05-03 09:22:47.073 -04:00 [INF] HTTP POST /hangfire/stats responded 200 in 33.6675 ms
2026-05-03 09:22:49.122 -04:00 [INF] HTTP POST /hangfire/stats responded 200 in 44.1242 ms
2026-05-03 09:22:51.165 -04:00 [INF] HTTP POST /hangfire/stats responded 200 in 39.5144 ms
2026-05-03 09:22:53.210 -04:00 [INF] HTTP POST /hangfire/stats responded 200 in 41.1171 ms
2026-05-03 09:22:55.256 -04:00 [INF] HTTP POST /hangfire/stats responded 200 in 42.6818 ms
2026-05-03 09:22:57.303 -04:00 [INF] HTTP POST /hangfire/stats responded 200 in 42.5415 ms
2026-05-03 09:22:59.346 -04:00 [INF] HTTP POST /hangfire/stats responded 200 in 37.9115 ms
2026-05-03 09:23:01.395 -04:00 [INF] HTTP POST /hangfire/stats responded 200 in 43.7548 ms
2026-05-03 09:23:03.441 -04:00 [INF] HTTP POST /hangfire/stats responded 200 in 40.5952 ms
2026-05-03 09:23:05.489 -04:00 [INF] HTTP POST /hangfire/stats responded 200 in 42.5648 ms
2026-05-03 09:23:07.530 -04:00 [INF] HTTP POST /hangfire/stats responded 200 in 36.2231 ms
2026-05-03 09:23:09.579 -04:00 [INF] HTTP POST /hangfire/stats responded 200 in 44.8894 ms
2026-05-03 09:23:11.624 -04:00 [INF] HTTP POST /hangfire/stats responded 200 in 41.6333 ms
2026-05-03 09:23:13.673 -04:00 [INF] HTTP POST /hangfire/stats responded 200 in 43.9166 ms
2026-05-03 09:23:15.717 -04:00 [INF] HTTP POST /hangfire/stats responded 200 in 39.1348 ms
2026-05-03 09:23:17.762 -04:00 [INF] HTTP POST /hangfire/stats responded 200 in 42.0975 ms
2026-05-03 09:23:19.804 -04:00 [INF] HTTP POST /hangfire/stats responded 200 in 38.3911 ms
2026-05-03 09:23:21.853 -04:00 [INF] HTTP POST /hangfire/stats responded 200 in 40.7211 ms
2026-05-03 09:23:23.901 -04:00 [INF] HTTP POST /hangfire/stats responded 200 in 42.1763 ms
2026-05-03 09:23:25.941 -04:00 [INF] HTTP POST /hangfire/stats responded 200 in 35.7737 ms
2026-05-03 09:23:27.995 -04:00 [INF] HTTP POST /hangfire/stats responded 200 in 48.7031 ms
2026-05-03 09:23:30.040 -04:00 [INF] HTTP POST /hangfire/stats responded 200 in 41.8844 ms
2026-05-03 09:23:32.085 -04:00 [INF] HTTP POST /hangfire/stats responded 200 in 40.4454 ms
2026-05-03 09:23:34.142 -04:00 [INF] HTTP POST /hangfire/stats responded 200 in 52.1908 ms
2026-05-03 09:23:36.185 -04:00 [INF] HTTP POST /hangfire/stats responded 200 in 37.8112 ms
2026-05-03 09:23:38.227 -04:00 [INF] HTTP POST /hangfire/stats responded 200 in 37.4044 ms
2026-05-03 09:23:40.268 -04:00 [INF] HTTP POST /hangfire/stats responded 200 in 35.9999 ms
2026-05-03 09:23:42.325 -04:00 [INF] HTTP POST /hangfire/stats responded 200 in 53.8705 ms
2026-05-03 09:23:44.361 -04:00 [INF] HTTP POST /hangfire/stats responded 200 in 33.5587 ms
2026-05-03 09:23:46.415 -04:00 [INF] HTTP POST /hangfire/stats responded 200 in 49.7741 ms
2026-05-03 09:23:48.453 -04:00 [INF] HTTP POST /hangfire/stats responded 200 in 33.5580 ms
2026-05-03 09:23:50.501 -04:00 [INF] HTTP POST /hangfire/stats responded 200 in 45.4377 ms
2026-05-03 09:23:52.543 -04:00 [INF] HTTP POST /hangfire/stats responded 200 in 38.1673 ms
2026-05-03 09:23:54.591 -04:00 [INF] HTTP POST /hangfire/stats responded 200 in 42.3830 ms
2026-05-03 09:23:56.639 -04:00 [INF] HTTP POST /hangfire/stats responded 200 in 43.8826 ms
2026-05-03 09:23:58.684 -04:00 [INF] HTTP POST /hangfire/stats responded 200 in 41.2160 ms
2026-05-03 09:24:00.729 -04:00 [INF] HTTP POST /hangfire/stats responded 200 in 41.4110 ms
2026-05-03 09:24:02.777 -04:00 [INF] HTTP POST /hangfire/stats responded 200 in 43.0286 ms
2026-05-03 09:24:04.824 -04:00 [INF] HTTP POST /hangfire/stats responded 200 in 42.2808 ms
2026-05-03 09:24:06.865 -04:00 [INF] HTTP POST /hangfire/stats responded 200 in 35.3318 ms
2026-05-03 09:24:08.914 -04:00 [INF] HTTP POST /hangfire/stats responded 200 in 44.8471 ms
2026-05-03 09:24:10.958 -04:00 [INF] HTTP POST /hangfire/stats responded 200 in 40.2949 ms
2026-05-03 09:24:13.003 -04:00 [INF] HTTP POST /hangfire/stats responded 200 in 40.2644 ms
2026-05-03 09:24:15.052 -04:00 [INF] HTTP POST /hangfire/stats responded 200 in 43.8785 ms
2026-05-03 09:24:17.095 -04:00 [INF] HTTP POST /hangfire/stats responded 200 in 38.6907 ms
2026-05-03 09:24:19.141 -04:00 [INF] HTTP POST /hangfire/stats responded 200 in 41.4333 ms
2026-05-03 09:24:21.189 -04:00 [INF] HTTP POST /hangfire/stats responded 200 in 44.6736 ms
2026-05-03 09:24:23.239 -04:00 [INF] HTTP POST /hangfire/stats responded 200 in 43.8803 ms
2026-05-03 09:24:25.273 -04:00 [INF] HTTP POST /hangfire/stats responded 200 in 30.2027 ms
2026-05-03 09:24:27.329 -04:00 [INF] HTTP POST /hangfire/stats responded 200 in 51.7715 ms
2026-05-03 09:24:29.370 -04:00 [INF] HTTP POST /hangfire/stats responded 200 in 37.7771 ms
2026-05-03 09:24:31.429 -04:00 [INF] HTTP POST /hangfire/stats responded 200 in 54.1504 ms
2026-05-03 09:24:33.472 -04:00 [INF] HTTP POST /hangfire/stats responded 200 in 6.5724 ms
2026-05-03 09:24:35.507 -04:00 [INF] HTTP POST /hangfire/stats responded 200 in 31.0735 ms
2026-05-03 09:24:37.555 -04:00 [INF] HTTP POST /hangfire/stats responded 200 in 43.0846 ms
2026-05-03 09:24:39.601 -04:00 [INF] HTTP POST /hangfire/stats responded 200 in 41.2333 ms
2026-05-03 09:24:41.611 -04:00 [INF] HTTP POST /hangfire/stats responded 200 in 5.1555 ms
2026-05-03 09:24:43.622 -04:00 [INF] HTTP POST /hangfire/stats responded 200 in 5.8447 ms
2026-05-03 09:24:45.631 -04:00 [INF] HTTP POST /hangfire/stats responded 200 in 3.5805 ms
2026-05-03 09:24:47.637 -04:00 [INF] HTTP POST /hangfire/stats responded 200 in 3.0188 ms
2026-05-03 09:24:49.642 -04:00 [INF] HTTP POST /hangfire/stats responded 200 in 2.4471 ms
2026-05-03 09:24:51.649 -04:00 [INF] HTTP POST /hangfire/stats responded 200 in 3.0720 ms
2026-05-03 09:24:53.657 -04:00 [INF] HTTP POST /hangfire/stats responded 200 in 2.3477 ms
2026-05-03 09:24:55.665 -04:00 [INF] HTTP POST /hangfire/stats responded 200 in 2.6408 ms
2026-05-03 09:24:57.674 -04:00 [INF] HTTP POST /hangfire/stats responded 200 in 2.9971 ms
2026-05-03 09:24:59.680 -04:00 [INF] HTTP POST /hangfire/stats responded 200 in 2.4422 ms
2026-05-03 09:25:01.687 -04:00 [INF] HTTP POST /hangfire/stats responded 200 in 2.6478 ms
2026-05-03 09:25:03.694 -04:00 [INF] HTTP POST /hangfire/stats responded 200 in 2.3588 ms
2026-05-03 09:25:05.702 -04:00 [INF] HTTP POST /hangfire/stats responded 200 in 2.8482 ms
2026-05-03 09:25:07.710 -04:00 [INF] HTTP POST /hangfire/stats responded 200 in 2.4416 ms
2026-05-03 09:25:09.717 -04:00 [INF] HTTP POST /hangfire/stats responded 200 in 2.5501 ms
2026-05-03 09:25:11.723 -04:00 [INF] HTTP POST /hangfire/stats responded 200 in 2.7514 ms
2026-05-03 09:25:13.730 -04:00 [INF] HTTP POST /hangfire/stats responded 200 in 2.5646 ms
2026-05-03 09:25:15.736 -04:00 [INF] HTTP POST /hangfire/stats responded 200 in 2.4382 ms
2026-05-03 09:25:17.743 -04:00 [INF] HTTP POST /hangfire/stats responded 200 in 2.3553 ms
2026-05-03 09:25:19.750 -04:00 [INF] HTTP POST /hangfire/stats responded 200 in 2.6929 ms
2026-05-03 09:25:21.756 -04:00 [INF] HTTP POST /hangfire/stats responded 200 in 2.5172 ms
2026-05-03 09:25:23.764 -04:00 [INF] HTTP POST /hangfire/stats responded 200 in 2.5989 ms
2026-05-03 09:25:25.771 -04:00 [INF] HTTP POST /hangfire/stats responded 200 in 3.1492 ms
2026-05-03 09:25:27.778 -04:00 [INF] HTTP POST /hangfire/stats responded 200 in 2.9303 ms
2026-05-03 09:25:29.785 -04:00 [INF] HTTP POST /hangfire/stats responded 200 in 2.5297 ms
2026-05-03 09:25:31.797 -04:00 [INF] HTTP POST /hangfire/stats responded 200 in 6.6937 ms
2026-05-03 09:25:33.817 -04:00 [INF] HTTP POST /hangfire/stats responded 200 in 15.0580 ms
2026-05-03 09:25:35.867 -04:00 [INF] HTTP POST /hangfire/stats responded 200 in 46.4298 ms
2026-05-03 09:25:37.913 -04:00 [INF] HTTP POST /hangfire/stats responded 200 in 42.3458 ms
2026-05-03 09:25:39.957 -04:00 [INF] HTTP POST /hangfire/stats responded 200 in 38.8869 ms
2026-05-03 09:25:42.006 -04:00 [INF] HTTP POST /hangfire/stats responded 200 in 45.6630 ms
2026-05-03 09:25:44.049 -04:00 [INF] HTTP POST /hangfire/stats responded 200 in 37.9792 ms
2026-05-03 09:25:46.094 -04:00 [INF] HTTP POST /hangfire/stats responded 200 in 40.3637 ms
2026-05-03 09:25:48.143 -04:00 [INF] HTTP POST /hangfire/stats responded 200 in 43.6624 ms
2026-05-03 09:25:50.187 -04:00 [INF] HTTP POST /hangfire/stats responded 200 in 38.1488 ms
2026-05-03 09:25:52.234 -04:00 [INF] HTTP POST /hangfire/stats responded 200 in 42.3122 ms
2026-05-03 09:25:54.276 -04:00 [INF] HTTP POST /hangfire/stats responded 200 in 35.8807 ms
2026-05-03 09:25:56.325 -04:00 [INF] HTTP POST /hangfire/stats responded 200 in 45.1892 ms
2026-05-03 09:25:58.373 -04:00 [INF] HTTP POST /hangfire/stats responded 200 in 42.5469 ms
2026-05-03 09:26:00.419 -04:00 [INF] HTTP POST /hangfire/stats responded 200 in 42.3138 ms
2026-05-03 09:26:02.465 -04:00 [INF] HTTP POST /hangfire/stats responded 200 in 42.4385 ms
2026-05-03 09:26:04.514 -04:00 [INF] HTTP POST /hangfire/stats responded 200 in 45.3608 ms
2026-05-03 09:26:06.560 -04:00 [INF] HTTP POST /hangfire/stats responded 200 in 41.9303 ms
2026-05-03 09:26:08.605 -04:00 [INF] HTTP POST /hangfire/stats responded 200 in 40.0756 ms
2026-05-03 09:26:10.652 -04:00 [INF] HTTP POST /hangfire/stats responded 200 in 41.5328 ms
2026-05-03 09:26:12.695 -04:00 [INF] HTTP POST /hangfire/stats responded 200 in 39.3751 ms
2026-05-03 09:26:14.744 -04:00 [INF] HTTP POST /hangfire/stats responded 200 in 43.5388 ms
2026-05-03 09:26:16.787 -04:00 [INF] HTTP POST /hangfire/stats responded 200 in 38.6456 ms
2026-05-03 09:26:18.833 -04:00 [INF] HTTP POST /hangfire/stats responded 200 in 41.4341 ms
2026-05-03 09:26:20.878 -04:00 [INF] HTTP POST /hangfire/stats responded 200 in 41.5736 ms
2026-05-03 09:26:22.934 -04:00 [INF] HTTP POST /hangfire/stats responded 200 in 50.9944 ms
2026-05-03 09:26:24.970 -04:00 [INF] HTTP POST /hangfire/stats responded 200 in 30.7478 ms
2026-05-03 09:26:27.014 -04:00 [INF] HTTP POST /hangfire/stats responded 200 in 39.6537 ms
2026-05-03 09:26:29.060 -04:00 [INF] HTTP POST /hangfire/stats responded 200 in 40.8363 ms
2026-05-03 09:26:31.106 -04:00 [INF] HTTP POST /hangfire/stats responded 200 in 40.3862 ms
2026-05-03 09:26:33.154 -04:00 [INF] HTTP POST /hangfire/stats responded 200 in 43.2393 ms
2026-05-03 09:26:35.206 -04:00 [INF] HTTP POST /hangfire/stats responded 200 in 48.4071 ms
2026-05-03 09:26:37.247 -04:00 [INF] HTTP POST /hangfire/stats responded 200 in 37.0107 ms
2026-05-03 09:26:39.290 -04:00 [INF] HTTP POST /hangfire/stats responded 200 in 39.1631 ms
2026-05-03 09:26:41.354 -04:00 [INF] HTTP POST /hangfire/stats responded 200 in 60.8059 ms
2026-05-03 09:26:43.380 -04:00 [INF] HTTP POST /hangfire/stats responded 200 in 21.3591 ms
2026-05-03 09:26:45.425 -04:00 [INF] HTTP POST /hangfire/stats responded 200 in 39.8331 ms
2026-05-03 09:26:47.472 -04:00 [INF] HTTP POST /hangfire/stats responded 200 in 43.2531 ms
2026-05-03 09:26:49.518 -04:00 [INF] HTTP POST /hangfire/stats responded 200 in 40.7169 ms
2026-05-03 09:26:51.568 -04:00 [INF] HTTP POST /hangfire/stats responded 200 in 46.0105 ms
2026-05-03 09:26:53.619 -04:00 [INF] HTTP POST /hangfire/stats responded 200 in 45.5849 ms
2026-05-03 09:26:55.655 -04:00 [INF] HTTP POST /hangfire/stats responded 200 in 30.8698 ms
2026-05-03 09:26:57.704 -04:00 [INF] HTTP POST /hangfire/stats responded 200 in 44.4949 ms
2026-05-03 09:26:59.749 -04:00 [INF] HTTP POST /hangfire/stats responded 200 in 40.1929 ms
2026-05-03 09:27:01.796 -04:00 [INF] HTTP POST /hangfire/stats responded 200 in 41.7322 ms
2026-05-03 09:27:03.804 -04:00 [INF] HTTP POST /hangfire/stats responded 200 in 3.6096 ms
2026-05-03 09:27:05.813 -04:00 [INF] HTTP POST /hangfire/stats responded 200 in 4.8351 ms
2026-05-03 09:27:07.822 -04:00 [INF] HTTP POST /hangfire/stats responded 200 in 4.3497 ms
2026-05-03 09:27:09.830 -04:00 [INF] HTTP POST /hangfire/stats responded 200 in 2.8950 ms
2026-05-03 09:27:11.838 -04:00 [INF] HTTP POST /hangfire/stats responded 200 in 2.8568 ms
2026-05-03 09:27:13.845 -04:00 [INF] HTTP POST /hangfire/stats responded 200 in 2.6622 ms
2026-05-03 09:27:15.852 -04:00 [INF] HTTP POST /hangfire/stats responded 200 in 3.1025 ms
2026-05-03 09:27:17.859 -04:00 [INF] HTTP POST /hangfire/stats responded 200 in 2.7469 ms
2026-05-03 09:27:19.866 -04:00 [INF] HTTP POST /hangfire/stats responded 200 in 3.3089 ms
2026-05-03 09:27:22.475 -04:00 [INF] HTTP POST /hangfire/stats responded 200 in 2.4272 ms
2026-05-03 09:27:42.031 -04:00 [INF] HTTP POST /hangfire/stats responded 200 in 5.9491 ms
2026-05-03 09:27:47.117 -04:00 [INF] HTTP POST /hangfire/stats responded 200 in 4.0850 ms
2026-05-03 09:27:50.477 -04:00 [INF] HTTP POST /hangfire/stats responded 200 in 4.3818 ms
2026-05-03 09:27:53.475 -04:00 [INF] HTTP POST /hangfire/stats responded 200 in 4.1532 ms
2026-05-03 09:27:56.475 -04:00 [INF] HTTP POST /hangfire/stats responded 200 in 2.5175 ms
2026-05-03 09:27:59.475 -04:00 [INF] HTTP POST /hangfire/stats responded 200 in 3.8189 ms
2026-05-03 09:28:02.474 -04:00 [INF] HTTP POST /hangfire/stats responded 200 in 3.8397 ms
2026-05-03 09:28:05.474 -04:00 [INF] HTTP POST /hangfire/stats responded 200 in 2.8584 ms
2026-05-03 09:28:08.473 -04:00 [INF] HTTP POST /hangfire/stats responded 200 in 2.7238 ms
2026-05-03 09:28:11.473 -04:00 [INF] HTTP POST /hangfire/stats responded 200 in 2.8776 ms
2026-05-03 09:28:14.473 -04:00 [INF] HTTP POST /hangfire/stats responded 200 in 2.7119 ms
2026-05-03 09:28:17.498 -04:00 [INF] HTTP POST /hangfire/stats responded 200 in 27.0929 ms
2026-05-03 09:28:20.474 -04:00 [INF] HTTP POST /hangfire/stats responded 200 in 3.1689 ms
2026-05-03 09:28:26.209 -04:00 [INF] HTTP POST /hangfire/stats responded 200 in 4.2783 ms
2026-05-03 09:28:42.428 -04:00 [INF] HTTP POST /hangfire/stats responded 200 in 9.4204 ms
2026-05-03 09:28:47.158 -04:00 [INF] HTTP POST /hangfire/stats responded 200 in 43.3128 ms
2026-05-03 09:28:50.475 -04:00 [INF] HTTP POST /hangfire/stats responded 200 in 3.1701 ms
2026-05-03 09:28:53.473 -04:00 [INF] HTTP POST /hangfire/stats responded 200 in 2.9657 ms
2026-05-03 09:28:56.473 -04:00 [INF] HTTP POST /hangfire/stats responded 200 in 3.2301 ms
2026-05-03 09:28:59.472 -04:00 [INF] HTTP POST /hangfire/stats responded 200 in 2.8553 ms
2026-05-03 09:29:02.512 -04:00 [INF] HTTP POST /hangfire/stats responded 200 in 42.8070 ms
2026-05-03 09:29:05.475 -04:00 [INF] HTTP POST /hangfire/stats responded 200 in 4.7376 ms
2026-05-03 09:29:17.122 -04:00 [INF] HTTP POST /hangfire/stats responded 200 in 4.2615 ms
2026-05-03 09:29:37.308 -04:00 [INF] HTTP POST /hangfire/stats responded 200 in 68.0186 ms
2026-05-03 09:29:39.795 -04:00 [INF] HTTP POST /hangfire/stats responded 200 in 3.3790 ms
2026-05-03 09:29:43.095 -04:00 [INF] HTTP POST /hangfire/stats responded 200 in 3.6494 ms
2026-05-03 09:29:50.512 -04:00 [INF] HTTP POST /hangfire/stats responded 200 in 18.3267 ms
2026-05-03 09:29:53.472 -04:00 [INF] HTTP POST /hangfire/stats responded 200 in 3.0758 ms
2026-05-03 09:29:56.472 -04:00 [INF] HTTP POST /hangfire/stats responded 200 in 3.2820 ms
2026-05-03 09:30:16.582 -04:00 [INF] HTTP POST /hangfire/stats responded 200 in 7.1794 ms
2026-05-03 09:30:19.472 -04:00 [INF] HTTP POST /hangfire/stats responded 200 in 2.9221 ms
2026-05-03 09:30:40.519 -04:00 [INF] HTTP POST /hangfire/stats responded 200 in 3.7850 ms
2026-05-03 09:30:50.506 -04:00 [INF] HTTP POST /hangfire/stats responded 200 in 12.3924 ms
2026-05-03 09:30:53.471 -04:00 [INF] HTTP POST /hangfire/stats responded 200 in 2.9124 ms
2026-05-03 09:30:56.474 -04:00 [INF] HTTP POST /hangfire/stats responded 200 in 5.2962 ms
2026-05-03 09:31:16.600 -04:00 [INF] HTTP POST /hangfire/stats responded 200 in 4.7420 ms
2026-05-03 09:31:19.688 -04:00 [INF] HTTP POST /hangfire/stats responded 200 in 115.5919 ms
2026-05-03 09:31:21.704 -04:00 [INF] HTTP POST /hangfire/stats responded 200 in 3.0260 ms
2026-05-03 09:31:23.741 -04:00 [INF] HTTP POST /hangfire/stats responded 200 in 32.9061 ms
2026-05-03 09:31:25.755 -04:00 [INF] HTTP POST /hangfire/stats responded 200 in 10.9840 ms
2026-05-03 09:31:27.815 -04:00 [INF] HTTP POST /hangfire/stats responded 200 in 55.8768 ms
2026-05-03 09:31:29.872 -04:00 [INF] HTTP POST /hangfire/stats responded 200 in 54.1162 ms
2026-05-03 09:31:31.945 -04:00 [INF] HTTP POST /hangfire/stats responded 200 in 69.6126 ms
2026-05-03 09:31:34.034 -04:00 [INF] HTTP POST /hangfire/stats responded 200 in 18.7343 ms
2026-05-03 09:31:36.076 -04:00 [INF] HTTP POST /hangfire/stats responded 200 in 3.7239 ms
2026-05-03 09:31:38.088 -04:00 [INF] HTTP POST /hangfire/stats responded 200 in 7.8801 ms
2026-05-03 09:31:40.095 -04:00 [INF] HTTP POST /hangfire/stats responded 200 in 2.5927 ms
2026-05-03 09:31:42.166 -04:00 [INF] HTTP POST /hangfire/stats responded 200 in 66.0593 ms
2026-05-03 09:31:44.256 -04:00 [INF] HTTP POST /hangfire/stats responded 200 in 85.6044 ms
2026-05-03 09:31:46.322 -04:00 [INF] HTTP POST /hangfire/stats responded 200 in 28.0302 ms
2026-05-03 09:31:48.329 -04:00 [INF] HTTP POST /hangfire/stats responded 200 in 3.0996 ms
2026-05-03 09:31:50.336 -04:00 [INF] HTTP POST /hangfire/stats responded 200 in 3.3364 ms
2026-05-03 09:31:52.348 -04:00 [INF] HTTP POST /hangfire/stats responded 200 in 8.2938 ms
2026-05-03 09:31:54.371 -04:00 [INF] HTTP POST /hangfire/stats responded 200 in 18.1787 ms
2026-05-03 09:31:56.421 -04:00 [INF] HTTP POST /hangfire/stats responded 200 in 43.0918 ms
2026-05-03 09:31:58.494 -04:00 [INF] HTTP POST /hangfire/stats responded 200 in 60.8659 ms
2026-05-03 09:32:00.518 -04:00 [INF] HTTP POST /hangfire/stats responded 200 in 15.2521 ms
2026-05-03 09:32:02.589 -04:00 [INF] HTTP POST /hangfire/stats responded 200 in 63.4385 ms
2026-05-03 09:32:04.620 -04:00 [INF] HTTP POST /hangfire/stats responded 200 in 24.5102 ms
2026-05-03 09:32:06.673 -04:00 [INF] HTTP POST /hangfire/stats responded 200 in 47.3826 ms
2026-05-03 09:32:08.727 -04:00 [INF] HTTP POST /hangfire/stats responded 200 in 48.5813 ms
2026-05-03 09:32:10.769 -04:00 [INF] HTTP POST /hangfire/stats responded 200 in 33.5171 ms
2026-05-03 09:32:12.782 -04:00 [INF] HTTP POST /hangfire/stats responded 200 in 6.9689 ms
2026-05-03 09:32:14.832 -04:00 [INF] HTTP POST /hangfire/stats responded 200 in 43.5342 ms
2026-05-03 09:32:16.882 -04:00 [INF] HTTP POST /hangfire/stats responded 200 in 44.6639 ms
2026-05-03 09:32:18.946 -04:00 [INF] HTTP POST /hangfire/stats responded 200 in 58.7100 ms
2026-05-03 09:32:20.998 -04:00 [INF] HTTP POST /hangfire/stats responded 200 in 48.0944 ms
2026-05-03 09:32:23.062 -04:00 [INF] HTTP POST /hangfire/stats responded 200 in 59.5846 ms
2026-05-03 09:32:25.106 -04:00 [INF] HTTP POST /hangfire/stats responded 200 in 38.6580 ms
2026-05-03 09:32:27.133 -04:00 [INF] HTTP POST /hangfire/stats responded 200 in 23.5581 ms
2026-05-03 09:32:29.156 -04:00 [INF] HTTP POST /hangfire/stats responded 200 in 17.9532 ms
2026-05-03 09:32:31.204 -04:00 [INF] HTTP POST /hangfire/stats responded 200 in 44.2057 ms
2026-05-03 09:32:33.252 -04:00 [INF] HTTP POST /hangfire/stats responded 200 in 4.6684 ms
2026-05-03 09:32:35.294 -04:00 [INF] HTTP POST /hangfire/stats responded 200 in 38.0385 ms
2026-05-03 09:32:37.341 -04:00 [INF] HTTP POST /hangfire/stats responded 200 in 42.5143 ms
2026-05-03 09:32:39.396 -04:00 [INF] HTTP POST /hangfire/stats responded 200 in 51.3285 ms
2026-05-03 09:32:41.446 -04:00 [INF] HTTP POST /hangfire/stats responded 200 in 45.7689 ms
2026-05-03 09:32:43.495 -04:00 [INF] HTTP POST /hangfire/stats responded 200 in 45.7407 ms
2026-05-03 09:32:45.507 -04:00 [INF] HTTP POST /hangfire/stats responded 200 in 7.4689 ms
2026-05-03 09:32:47.515 -04:00 [INF] HTTP POST /hangfire/stats responded 200 in 5.5742 ms
2026-05-03 09:32:49.524 -04:00 [INF] HTTP POST /hangfire/stats responded 200 in 3.2997 ms
2026-05-03 09:32:51.534 -04:00 [INF] HTTP POST /hangfire/stats responded 200 in 3.8269 ms
2026-05-03 09:32:53.543 -04:00 [INF] HTTP POST /hangfire/stats responded 200 in 4.7458 ms
2026-05-03 09:32:55.549 -04:00 [INF] HTTP POST /hangfire/stats responded 200 in 2.6494 ms
2026-05-03 09:32:57.555 -04:00 [INF] HTTP POST /hangfire/stats responded 200 in 2.4812 ms
2026-05-03 09:32:59.561 -04:00 [INF] HTTP POST /hangfire/stats responded 200 in 2.7065 ms
2026-05-03 09:33:01.568 -04:00 [INF] HTTP POST /hangfire/stats responded 200 in 3.4502 ms
2026-05-03 09:33:03.576 -04:00 [INF] HTTP POST /hangfire/stats responded 200 in 2.5618 ms
2026-05-03 09:33:05.582 -04:00 [INF] HTTP POST /hangfire/stats responded 200 in 2.7489 ms
2026-05-03 09:33:07.589 -04:00 [INF] HTTP POST /hangfire/stats responded 200 in 2.7151 ms
2026-05-03 09:33:09.595 -04:00 [INF] HTTP POST /hangfire/stats responded 200 in 2.3190 ms
2026-05-03 09:33:11.601 -04:00 [INF] HTTP POST /hangfire/stats responded 200 in 2.4692 ms
2026-05-03 09:33:13.607 -04:00 [INF] HTTP POST /hangfire/stats responded 200 in 2.4239 ms
2026-05-03 09:33:15.614 -04:00 [INF] HTTP POST /hangfire/stats responded 200 in 2.7228 ms
2026-05-03 09:33:17.621 -04:00 [INF] HTTP POST /hangfire/stats responded 200 in 2.8270 ms
2026-05-03 09:33:19.628 -04:00 [INF] HTTP POST /hangfire/stats responded 200 in 2.4791 ms
2026-05-03 09:33:21.635 -04:00 [INF] HTTP POST /hangfire/stats responded 200 in 3.6934 ms
2026-05-03 09:33:23.642 -04:00 [INF] HTTP POST /hangfire/stats responded 200 in 3.2475 ms
2026-05-03 09:33:25.649 -04:00 [INF] HTTP POST /hangfire/stats responded 200 in 2.6991 ms
2026-05-03 09:33:27.655 -04:00 [INF] HTTP POST /hangfire/stats responded 200 in 2.6282 ms
2026-05-03 09:33:29.662 -04:00 [INF] HTTP POST /hangfire/stats responded 200 in 2.6410 ms
2026-05-03 09:33:31.668 -04:00 [INF] HTTP POST /hangfire/stats responded 200 in 3.4986 ms
2026-05-03 09:33:33.675 -04:00 [INF] HTTP POST /hangfire/stats responded 200 in 2.4594 ms
2026-05-03 09:33:35.682 -04:00 [INF] HTTP POST /hangfire/stats responded 200 in 2.7502 ms
2026-05-03 09:33:37.692 -04:00 [INF] HTTP POST /hangfire/stats responded 200 in 6.2584 ms
2026-05-03 09:33:39.745 -04:00 [INF] HTTP POST /hangfire/stats responded 200 in 48.9744 ms
2026-05-03 09:33:41.792 -04:00 [INF] HTTP POST /hangfire/stats responded 200 in 42.9876 ms
2026-05-03 09:33:43.835 -04:00 [INF] HTTP POST /hangfire/stats responded 200 in 7.3558 ms
2026-05-03 09:33:45.878 -04:00 [INF] HTTP POST /hangfire/stats responded 200 in 39.1616 ms
2026-05-03 09:33:47.940 -04:00 [INF] HTTP POST /hangfire/stats responded 200 in 57.2716 ms
2026-05-03 09:33:49.997 -04:00 [INF] HTTP POST /hangfire/stats responded 200 in 53.5431 ms
2026-05-03 09:33:52.029 -04:00 [INF] HTTP POST /hangfire/stats responded 200 in 27.3148 ms
2026-05-03 09:33:54.072 -04:00 [INF] HTTP POST /hangfire/stats responded 200 in 40.5737 ms
2026-05-03 09:33:56.121 -04:00 [INF] HTTP POST /hangfire/stats responded 200 in 44.6493 ms
2026-05-03 09:33:58.158 -04:00 [INF] HTTP POST /hangfire/stats responded 200 in 32.7483 ms
2026-05-03 09:34:00.193 -04:00 [INF] HTTP POST /hangfire/stats responded 200 in 30.3808 ms
2026-05-03 09:34:02.254 -04:00 [INF] HTTP POST /hangfire/stats responded 200 in 57.5274 ms
2026-05-03 09:34:04.301 -04:00 [INF] HTTP POST /hangfire/stats responded 200 in 42.9147 ms
2026-05-03 09:34:06.344 -04:00 [INF] HTTP POST /hangfire/stats responded 200 in 39.0796 ms
2026-05-03 09:34:08.420 -04:00 [INF] HTTP POST /hangfire/stats responded 200 in 70.9182 ms
2026-05-03 09:34:10.440 -04:00 [INF] HTTP POST /hangfire/stats responded 200 in 17.4720 ms
2026-05-03 09:34:12.496 -04:00 [INF] HTTP POST /hangfire/stats responded 200 in 51.8642 ms
2026-05-03 09:34:14.517 -04:00 [INF] HTTP POST /hangfire/stats responded 200 in 16.9285 ms
2026-05-03 09:34:16.562 -04:00 [INF] HTTP POST /hangfire/stats responded 200 in 40.7008 ms
2026-05-03 09:34:18.633 -04:00 [INF] HTTP POST /hangfire/stats responded 200 in 66.6255 ms
2026-05-03 09:34:20.670 -04:00 [INF] HTTP POST /hangfire/stats responded 200 in 32.9283 ms
2026-05-03 09:34:22.714 -04:00 [INF] HTTP POST /hangfire/stats responded 200 in 40.8967 ms
2026-05-03 09:34:24.784 -04:00 [INF] HTTP POST /hangfire/stats responded 200 in 66.0308 ms
2026-05-03 09:34:26.806 -04:00 [INF] HTTP POST /hangfire/stats responded 200 in 17.0916 ms
2026-05-03 09:34:28.836 -04:00 [INF] HTTP POST /hangfire/stats responded 200 in 26.4282 ms
2026-05-03 09:34:30.902 -04:00 [INF] HTTP POST /hangfire/stats responded 200 in 63.1175 ms
2026-05-03 09:34:32.911 -04:00 [INF] HTTP POST /hangfire/stats responded 200 in 4.6649 ms
2026-05-03 09:34:34.925 -04:00 [INF] HTTP POST /hangfire/stats responded 200 in 10.6965 ms
2026-05-03 09:34:36.934 -04:00 [INF] HTTP POST /hangfire/stats responded 200 in 3.2587 ms
2026-05-03 09:34:38.940 -04:00 [INF] HTTP POST /hangfire/stats responded 200 in 3.0574 ms
2026-05-03 09:34:40.952 -04:00 [INF] HTTP POST /hangfire/stats responded 200 in 7.8172 ms
2026-05-03 09:34:42.958 -04:00 [INF] HTTP POST /hangfire/stats responded 200 in 2.7477 ms
2026-05-03 09:34:44.964 -04:00 [INF] HTTP POST /hangfire/stats responded 200 in 3.0224 ms
2026-05-03 09:34:46.971 -04:00 [INF] HTTP POST /hangfire/stats responded 200 in 2.8228 ms
2026-05-03 09:34:48.978 -04:00 [INF] HTTP POST /hangfire/stats responded 200 in 2.7163 ms
2026-05-03 09:34:50.984 -04:00 [INF] HTTP POST /hangfire/stats responded 200 in 2.3529 ms
2026-05-03 09:34:52.991 -04:00 [INF] HTTP POST /hangfire/stats responded 200 in 3.2279 ms
2026-05-03 09:34:54.998 -04:00 [INF] HTTP POST /hangfire/stats responded 200 in 3.3308 ms
2026-05-03 09:34:57.005 -04:00 [INF] HTTP POST /hangfire/stats responded 200 in 2.7930 ms
2026-05-03 09:34:59.011 -04:00 [INF] HTTP POST /hangfire/stats responded 200 in 2.5273 ms
2026-05-03 09:35:01.017 -04:00 [INF] HTTP POST /hangfire/stats responded 200 in 2.8974 ms
2026-05-03 09:35:03.024 -04:00 [INF] HTTP POST /hangfire/stats responded 200 in 3.4561 ms
2026-05-03 09:35:05.030 -04:00 [INF] HTTP POST /hangfire/stats responded 200 in 2.6851 ms
2026-05-03 09:35:07.036 -04:00 [INF] HTTP POST /hangfire/stats responded 200 in 2.6965 ms
2026-05-03 09:35:09.043 -04:00 [INF] HTTP POST /hangfire/stats responded 200 in 2.7195 ms
2026-05-03 09:35:11.050 -04:00 [INF] HTTP POST /hangfire/stats responded 200 in 3.3858 ms
2026-05-03 09:35:13.057 -04:00 [INF] HTTP POST /hangfire/stats responded 200 in 2.2943 ms
2026-05-03 09:35:15.063 -04:00 [INF] HTTP POST /hangfire/stats responded 200 in 2.8537 ms
2026-05-03 09:35:17.069 -04:00 [INF] HTTP POST /hangfire/stats responded 200 in 2.6484 ms
2026-05-03 09:35:19.076 -04:00 [INF] HTTP POST /hangfire/stats responded 200 in 2.8839 ms
2026-05-03 09:35:21.082 -04:00 [INF] HTTP POST /hangfire/stats responded 200 in 2.5265 ms
2026-05-03 09:35:23.088 -04:00 [INF] HTTP POST /hangfire/stats responded 200 in 3.0597 ms
2026-05-03 09:35:25.107 -04:00 [INF] HTTP POST /hangfire/stats responded 200 in 15.1062 ms
2026-05-03 09:35:27.152 -04:00 [INF] HTTP POST /hangfire/stats responded 200 in 42.1978 ms
2026-05-03 09:35:29.205 -04:00 [INF] HTTP POST /hangfire/stats responded 200 in 49.7719 ms
2026-05-03 09:35:31.233 -04:00 [INF] HTTP POST /hangfire/stats responded 200 in 24.0055 ms
2026-05-03 09:35:33.303 -04:00 [INF] HTTP POST /hangfire/stats responded 200 in 66.8540 ms
2026-05-03 09:35:35.337 -04:00 [INF] HTTP POST /hangfire/stats responded 200 in 29.8145 ms
2026-05-03 09:35:37.395 -04:00 [INF] HTTP POST /hangfire/stats responded 200 in 54.4894 ms
2026-05-03 09:35:39.412 -04:00 [INF] HTTP POST /hangfire/stats responded 200 in 12.8248 ms
2026-05-03 09:35:41.475 -04:00 [INF] HTTP POST /hangfire/stats responded 200 in 58.4777 ms
2026-05-03 09:35:43.490 -04:00 [INF] HTTP POST /hangfire/stats responded 200 in 11.2067 ms
2026-05-03 09:35:45.557 -04:00 [INF] HTTP POST /hangfire/stats responded 200 in 62.9638 ms
2026-05-03 09:35:47.567 -04:00 [INF] HTTP POST /hangfire/stats responded 200 in 5.6037 ms
2026-05-03 09:35:49.618 -04:00 [INF] HTTP POST /hangfire/stats responded 200 in 46.5200 ms
2026-05-03 09:35:51.677 -04:00 [INF] HTTP POST /hangfire/stats responded 200 in 54.8652 ms
2026-05-03 09:35:53.716 -04:00 [INF] HTTP POST /hangfire/stats responded 200 in 34.1934 ms
2026-05-03 09:35:55.765 -04:00 [INF] HTTP POST /hangfire/stats responded 200 in 44.8908 ms
2026-05-03 09:35:57.820 -04:00 [INF] HTTP POST /hangfire/stats responded 200 in 50.7683 ms
2026-05-03 09:35:59.883 -04:00 [INF] HTTP POST /hangfire/stats responded 200 in 59.2423 ms
2026-05-03 09:36:02.504 -04:00 [INF] HTTP POST /hangfire/stats responded 200 in 3.1053 ms
2026-05-03 09:36:06.050 -04:00 [INF] HTTP POST /hangfire/stats responded 200 in 8.5966 ms
2026-05-03 09:36:08.504 -04:00 [INF] HTTP POST /hangfire/stats responded 200 in 3.0815 ms
2026-05-03 09:36:11.503 -04:00 [INF] HTTP POST /hangfire/stats responded 200 in 2.6893 ms
2026-05-03 09:36:20.506 -04:00 [INF] HTTP POST /hangfire/stats responded 200 in 2.7177 ms
2026-05-03 09:36:30.646 -04:00 [INF] HTTP POST /hangfire/stats responded 200 in 4.8498 ms
2026-05-03 09:36:33.747 -04:00 [INF] HTTP POST /hangfire/stats responded 200 in 6.3466 ms
2026-05-03 09:36:36.504 -04:00 [INF] HTTP POST /hangfire/stats responded 200 in 2.8168 ms
2026-05-03 09:36:39.503 -04:00 [INF] HTTP POST /hangfire/stats responded 200 in 2.4991 ms
2026-05-03 09:36:42.503 -04:00 [INF] HTTP POST /hangfire/stats responded 200 in 2.6151 ms
2026-05-03 09:36:45.503 -04:00 [INF] HTTP POST /hangfire/stats responded 200 in 2.6103 ms
2026-05-03 09:36:48.502 -04:00 [INF] HTTP POST /hangfire/stats responded 200 in 2.3219 ms
2026-05-03 09:36:51.505 -04:00 [INF] HTTP POST /hangfire/stats responded 200 in 2.7881 ms
2026-05-03 09:36:54.503 -04:00 [INF] HTTP POST /hangfire/stats responded 200 in 3.0355 ms
2026-05-03 09:37:03.751 -04:00 [INF] HTTP POST /hangfire/stats responded 200 in 8.7801 ms
2026-05-03 09:37:16.540 -04:00 [INF] HTTP POST /hangfire/stats responded 200 in 9.4358 ms
2026-05-03 09:37:26.714 -04:00 [INF] HTTP POST /hangfire/stats responded 200 in 19.5575 ms
2026-05-03 09:37:36.872 -04:00 [INF] HTTP POST /hangfire/stats responded 200 in 22.1073 ms
2026-05-03 09:37:42.068 -04:00 [INF] HTTP POST /hangfire/stats responded 200 in 5.3104 ms
2026-05-03 09:37:50.686 -04:00 [INF] HTTP POST /hangfire/stats responded 200 in 29.6404 ms
2026-05-03 09:37:53.622 -04:00 [INF] HTTP POST /hangfire/stats responded 200 in 14.5194 ms
2026-05-03 09:37:56.604 -04:00 [INF] HTTP POST /hangfire/stats responded 200 in 11.7394 ms
2026-05-03 09:37:59.514 -04:00 [INF] HTTP POST /hangfire/stats responded 200 in 11.7431 ms
2026-05-03 09:38:02.513 -04:00 [INF] HTTP POST /hangfire/stats responded 200 in 11.9766 ms
2026-05-03 09:38:05.708 -04:00 [INF] HTTP POST /hangfire/stats responded 200 in 16.4812 ms
2026-05-03 09:38:17.152 -04:00 [INF] HTTP POST /hangfire/stats responded 200 in 4.4151 ms
2026-05-03 09:38:19.711 -04:00 [INF] HTTP POST /hangfire/stats responded 200 in 8.2870 ms
2026-05-03 09:38:24.366 -04:00 [INF] HTTP POST /hangfire/stats responded 200 in 8.5535 ms
2026-05-03 09:38:26.517 -04:00 [INF] HTTP POST /hangfire/stats responded 200 in 15.7179 ms
2026-05-03 09:38:33.060 -04:00 [INF] HTTP POST /hangfire/stats responded 200 in 68.8530 ms
2026-05-03 09:38:42.461 -04:00 [INF] HTTP POST /hangfire/stats responded 200 in 6.0032 ms
2026-05-03 09:38:50.644 -04:00 [INF] HTTP POST /hangfire/stats responded 200 in 37.7378 ms
2026-05-03 09:38:53.520 -04:00 [INF] HTTP POST /hangfire/stats responded 200 in 18.4963 ms
2026-05-03 09:38:56.527 -04:00 [INF] HTTP POST /hangfire/stats responded 200 in 24.9844 ms
2026-05-03 09:39:06.661 -04:00 [INF] HTTP POST /hangfire/stats responded 200 in 14.5604 ms
2026-05-03 09:39:16.806 -04:00 [INF] HTTP POST /hangfire/stats responded 200 in 7.6886 ms
2026-05-03 09:39:20.598 -04:00 [INF] HTTP POST /hangfire/stats responded 200 in 3.8750 ms
2026-05-03 09:39:31.095 -04:00 [INF] HTTP POST /hangfire/stats responded 200 in 5.2721 ms
2026-05-03 09:39:41.276 -04:00 [INF] HTTP POST /hangfire/stats responded 200 in 27.8276 ms
2026-05-03 09:39:50.603 -04:00 [INF] HTTP POST /hangfire/stats responded 200 in 4.8786 ms
2026-05-03 09:39:53.507 -04:00 [INF] HTTP POST /hangfire/stats responded 200 in 6.2923 ms
2026-05-03 09:39:56.501 -04:00 [INF] HTTP POST /hangfire/stats responded 200 in 3.1614 ms
2026-05-03 09:40:06.608 -04:00 [INF] HTTP POST /hangfire/stats responded 200 in 3.2824 ms
2026-05-03 09:40:16.746 -04:00 [INF] HTTP POST /hangfire/stats responded 200 in 5.8790 ms
2026-05-03 09:40:20.545 -04:00 [INF] HTTP POST /hangfire/stats responded 200 in 4.8767 ms
2026-05-03 09:40:30.998 -04:00 [INF] HTTP POST /hangfire/stats responded 200 in 4.9061 ms
2026-05-03 09:40:41.163 -04:00 [INF] HTTP POST /hangfire/stats responded 200 in 8.9200 ms
2026-05-03 09:40:50.676 -04:00 [INF] HTTP POST /hangfire/stats responded 200 in 21.2573 ms
2026-05-03 09:40:53.504 -04:00 [INF] HTTP POST /hangfire/stats responded 200 in 5.4161 ms
2026-05-03 09:40:56.502 -04:00 [INF] HTTP POST /hangfire/stats responded 200 in 3.5168 ms
2026-05-03 09:40:59.502 -04:00 [INF] HTTP POST /hangfire/stats responded 200 in 3.0875 ms
2026-05-03 09:41:02.501 -04:00 [INF] HTTP POST /hangfire/stats responded 200 in 2.7212 ms
2026-05-03 09:41:05.501 -04:00 [INF] HTTP POST /hangfire/stats responded 200 in 2.5395 ms
2026-05-03 09:41:08.514 -04:00 [INF] HTTP POST /hangfire/stats responded 200 in 14.0389 ms
2026-05-03 09:41:11.504 -04:00 [INF] HTTP POST /hangfire/stats responded 200 in 5.2908 ms
2026-05-03 09:41:20.506 -04:00 [INF] HTTP POST /hangfire/stats responded 200 in 2.9931 ms
2026-05-03 09:41:23.501 -04:00 [INF] HTTP POST /hangfire/stats responded 200 in 2.8867 ms
2026-05-03 09:41:33.641 -04:00 [INF] HTTP POST /hangfire/stats responded 200 in 3.0665 ms
2026-05-03 09:41:38.226 -04:00 [INF] HTTP POST /hangfire/stats responded 200 in 28.0803 ms
2026-05-03 09:41:41.503 -04:00 [INF] HTTP POST /hangfire/stats responded 200 in 4.5216 ms
2026-05-03 09:41:44.499 -04:00 [INF] HTTP POST /hangfire/stats responded 200 in 2.4537 ms
2026-05-03 09:41:47.499 -04:00 [INF] HTTP POST /hangfire/stats responded 200 in 3.0041 ms
2026-05-03 09:41:50.548 -04:00 [INF] HTTP POST /hangfire/stats responded 200 in 4.4971 ms
2026-05-03 09:41:53.514 -04:00 [INF] HTTP POST /hangfire/stats responded 200 in 16.1220 ms
2026-05-03 09:41:56.498 -04:00 [INF] HTTP POST /hangfire/stats responded 200 in 3.1549 ms
2026-05-03 09:41:59.498 -04:00 [INF] HTTP POST /hangfire/stats responded 200 in 3.2266 ms
2026-05-03 09:42:02.498 -04:00 [INF] HTTP POST /hangfire/stats responded 200 in 2.8196 ms
2026-05-03 09:42:05.496 -04:00 [INF] HTTP POST /hangfire/stats responded 200 in 2.6656 ms
2026-05-03 09:42:08.497 -04:00 [INF] HTTP POST /hangfire/stats responded 200 in 3.1104 ms
2026-05-03 09:42:11.497 -04:00 [INF] HTTP POST /hangfire/stats responded 200 in 2.9749 ms
2026-05-03 09:42:15.168 -04:00 [INF] HTTP POST /hangfire/stats responded 200 in 20.0036 ms
2026-05-03 09:42:17.496 -04:00 [INF] HTTP POST /hangfire/stats responded 200 in 2.5897 ms
2026-05-03 09:42:20.507 -04:00 [INF] HTTP POST /hangfire/stats responded 200 in 11.7200 ms
2026-05-03 09:42:23.507 -04:00 [INF] HTTP POST /hangfire/stats responded 200 in 12.6255 ms
2026-05-03 09:42:26.497 -04:00 [INF] HTTP POST /hangfire/stats responded 200 in 3.9068 ms
2026-05-03 09:42:30.504 -04:00 [INF] HTTP POST /hangfire/stats responded 200 in 6.4840 ms
2026-05-03 09:42:39.737 -04:00 [INF] HTTP POST /hangfire/stats responded 200 in 3.0924 ms
